<?xml version="1.0" encoding="UTF-8"?>
<!-- Generated by org.testng.reporters.JUnitReportReporter -->
<testsuite hostname="Abhi-Gulhane" failures="0" tests="1" name="actiTimeLoginModuleTest.ActiTimetestclass" time="12.520" errors="0" timestamp="2024-10-14T10:17:27 IST" skipped="0">
  <testcase classname="actiTimeLoginModuleTest.ActiTimetestclass" name="verifyfeaturesitle" time="12.520"/>
</testsuite> <!-- actiTimeLoginModuleTest.ActiTimetestclass -->
