<?xml version="1.0" encoding="UTF-8"?>
<!-- Generated by org.testng.reporters.JUnitReportReporter -->
<<<<<<< HEAD
<testsuite hostname="Abhi-Gulhane" failures="0" tests="1" name="actiTimeLoginModuleTest.ActiTimetestclass" time="51.830" errors="0" timestamp="2024-11-05T11:30:42 IST" skipped="0">
  <testcase classname="actiTimeLoginModuleTest.ActiTimetestclass" name="verifyfeaturesitle" time="51.830"/>
=======
<testsuite hostname="Abhi-Gulhane" failures="0" tests="1" name="actiTimeLoginModuleTest.ActiTimetestclass" time="44.362" errors="0" timestamp="2024-11-05T11:40:25 IST" skipped="0">
  <testcase classname="actiTimeLoginModuleTest.ActiTimetestclass" name="verifyfeaturesitle" time="44.362"/>
>>>>>>> branch 'master' of https://github.com/AbhiGulhane9/PomDDfPracticeFrameworkrk.git
</testsuite> <!-- actiTimeLoginModuleTest.ActiTimetestclass -->
