<?xml version="1.0" encoding="UTF-8"?>
<!-- Generated by org.testng.reporters.JUnitReportReporter -->
<testsuite hostname="Abhi-Gulhane" failures="0" tests="1" name="actiTimeLoginModuleTest.ActiTimetestclass" time="40.406" errors="0" timestamp="2024-11-16T21:16:01 IST" skipped="0">
  <testcase classname="actiTimeLoginModuleTest.ActiTimetestclass" name="verifyfeaturesitle" time="40.406"/>
</testsuite> <!-- actiTimeLoginModuleTest.ActiTimetestclass -->
